\BOOKMARK [0][-]{chapter.1}{\376\377\000I\000n\000t\000r\000o\000d\000u\000c\000t\000i\000o\000n\000\040\000t\000o\000\040\000D\000a\000t\000a\000\040\000A\000n\000a\000l\000y\000s\000i\000s\000\040\000w\000i\000t\000h\000\040\000S\000p\000a\000r\000k\000\040\000|\000|\000\040\000S\000a\000p\000r\000k\145\160\143\156\122\006\147\220\133\374\213\272}{}% 1
\BOOKMARK [1][-]{section.1.1}{\376\377\000W\000h\000a\000t\000\040\000i\000s\000\040\000A\000p\000a\000c\000h\000e\000\040\000S\000p\000a\000r\000k\000\040\000|\000\040\116\300\116\110\146\057\000\040\000A\000p\000a\000c\000h\000e\000\040\000S\000p\000a\000r\000k}{chapter.1}% 2
\BOOKMARK [1][-]{section.1.2}{\376\377\000A\000\040\000u\000n\000i\000f\000i\000e\000d\000\040\000S\000t\000a\000c\000k\000\040\000|\000\040\176\337\116\000\166\204\130\006\150\010}{chapter.1}% 3
\BOOKMARK [2][-]{subsection.1.2.1}{\376\377\000S\000p\000a\000r\000k\000\040\150\070\137\303\176\304\116\366\000\040\000\050\000S\000p\000a\000r\000k\000\040\000C\000o\000r\000e\000\051}{section.1.2}% 4
\BOOKMARK [2][-]{subsection.1.2.2}{\376\377\000S\000p\000a\000r\000k\000\040\000S\000Q\000L}{section.1.2}% 5
\BOOKMARK [2][-]{subsection.1.2.3}{\376\377\000S\000p\000a\000r\000k\000\040\000S\000t\000r\000e\000a\000m\000i\000n\000g}{section.1.2}% 6
\BOOKMARK [2][-]{subsection.1.2.4}{\376\377\000S\000p\000a\000r\000k\000\040\000M\000L\000l\000i\000b\000\040\000|\000\040\000S\000p\000a\000r\000k\000\040\147\072\126\150\133\146\116\140\136\223\000\040\000\050\000M\000L\000l\000i\000b\000\051}{section.1.2}% 7
\BOOKMARK [2][-]{subsection.1.2.5}{\376\377\000G\000r\000a\000p\000h\000X}{section.1.2}% 8
\BOOKMARK [2][-]{subsection.1.2.6}{\376\377\000C\000l\000u\000s\000t\000e\000r\000\040\000M\000a\000n\000a\000g\000e\000r\000s\000\040\000|\000\040\226\306\177\244\173\241\164\006\126\150}{section.1.2}% 9
\BOOKMARK [1][-]{section.1.3}{\376\377\000S\000p\000a\000r\000k\166\204\117\177\165\050\200\005\124\214\117\177\165\050\166\356\166\204\000\040\000W\000h\000o\000\040\000U\000s\000e\000s\000\040\000S\000p\000a\000r\000k\000,\000\040\000a\000n\000d\000\040\000f\000o\000r\000\040\000W\000h\000a\000t\000?}{chapter.1}% 10
\BOOKMARK [2][-]{subsection.1.3.1}{\376\377\145\160\143\156\171\321\133\146\133\266\166\204\116\373\122\241\000\040\000D\000a\000t\000a\000\040\000S\000c\000i\000e\000n\000c\000e\000\040\000T\000a\000s\000k\000s}{section.1.3}% 11
\BOOKMARK [2][-]{subsection.1.3.2}{\376\377\145\160\143\156\131\004\164\006\136\224\165\050\000\040\000D\000a\000t\000a\000\040\000P\000r\000o\000c\000e\000s\000s\000i\000n\000g\000\040\000A\000p\000p\000l\000i\000c\000a\000t\000i\000o\000n\000s}{section.1.3}% 12
\BOOKMARK [1][-]{section.1.4}{\376\377\000A\000\040\000B\000r\000i\000e\000f\000\040\000H\000i\000s\000t\000o\000r\000y\000\040\000o\000f\000\040\000S\000p\000a\000r\000k\000\040\000|\000\040\000S\000p\000a\000r\000k\173\200\123\362}{chapter.1}% 13
\BOOKMARK [1][-]{section.1.5}{\376\377\000S\000p\000a\000r\000k\000\040\000V\000e\000r\000s\000i\000o\000n\000s\000\040\000a\000n\000d\000\040\000R\000e\000l\000e\000a\000s\000e\000s\000\040\000|\000\040\000S\000p\000a\000r\000k\166\204\123\321\210\114\162\110}{chapter.1}% 14
\BOOKMARK [1][-]{section.1.6}{\376\377\000S\000t\000o\000r\000a\000g\000e\000\040\000L\000a\000y\000e\000r\000s\000\040\000f\000o\000r\000\040\000S\000p\000a\000r\000k\000\040\000|\000\040\000S\000p\000a\000r\000k\166\204\133\130\120\250\134\102}{chapter.1}% 15
\BOOKMARK [0][-]{chapter.2}{\376\377\000D\000o\000w\000n\000l\000o\000a\000d\000i\000n\000g\000\040\000S\000p\000a\000r\000k\000\040\000a\000n\000d\000\040\000G\000e\000t\000t\000i\000n\000g\000\040\000S\000t\000a\000r\000t\000e\000d}{}% 16
\BOOKMARK [1][-]{section.2.1}{\376\377\116\013\217\175\000\040\000S\000p\000a\000r\000k}{chapter.2}% 17
\BOOKMARK [1][-]{section.2.2}{\376\377\000I\000n\000t\000r\000o\000d\000u\000c\000t\000i\000o\000n\000\040\000t\000o\000\040\000S\000p\000a\000r\000k\000'\000s\000\040\000P\000y\000t\000h\000o\000n\000\040\000a\000n\000d\000\040\000S\000c\000a\000l\000a\000\040\000S\000h\000e\000l\000l\000s\000\040\000|\000\040\000S\000p\000a\000r\000k\000\040\166\204\000\040\000P\000y\000t\000h\000o\000n\000\040\124\214\000\040\000S\000c\000a\000l\000a\000\040\116\244\116\222\137\017\000\040\000S\000h\000e\000l\000l}{chapter.2}% 18
\BOOKMARK [1][-]{section.2.3}{\376\377\000I\000n\000t\000r\000o\000d\000u\000c\000t\000i\000o\000n\000\040\000t\000o\000\040\000C\000o\000r\000e\000\040\000S\000p\000a\000r\000k\000\040\000C\000o\000n\000c\000e\000p\000t\000s\000\040\000|\000\040\000S\000p\000a\000r\000k\000\040\150\070\137\303\151\202\137\365\176\374\217\360}{chapter.2}% 19
\BOOKMARK [2][-]{subsection.2.3.1}{\376\377\000S\000t\000a\000n\000d\000a\000l\000o\000n\000e\000\040\000A\000p\000p\000l\000i\000c\000a\000t\000i\000o\000n\000s\000\040\000|\000\040\162\354\172\313\136\224\165\050\172\013\136\217}{section.2.3}% 20
\BOOKMARK [2][-]{subsection.2.3.2}{\376\377\000I\000n\000i\000t\000i\000a\000l\000i\000z\000i\000n\000g\000\040\000a\000\040\000S\000p\000a\000r\000k\000C\000o\000n\000t\000e\000x\000t\000\040\000|\000\040\122\035\131\313\123\026\000\040\000S\000p\000a\000r\000k\000C\000o\000n\000t\000e\000x\000t}{section.2.3}% 21
\BOOKMARK [2][-]{subsection.2.3.3}{\376\377\122\033\136\372\162\354\172\313\377\010\000S\000t\000a\000n\000d\000a\000l\000o\000n\000e\377\011\136\224\165\050\172\013\136\217}{section.2.3}% 22
\BOOKMARK [1][-]{section.2.4}{\376\377\176\323\213\272}{chapter.2}% 23
\BOOKMARK [0][-]{chapter.3}{\376\377\000P\000r\000o\000g\000r\000a\000m\000m\000i\000n\000g\000\040\000w\000i\000t\000h\000\040\000R\000D\000D\000s}{}% 24
\BOOKMARK [0][-]{chapter.4}{\376\377\000P\000r\000o\000g\000r\000a\000m\000m\000i\000n\000g\000\040\000w\000i\000t\000h\000\040\000K\000e\000y\000/\000V\000a\000l\000u\000e\000\040\000P\000a\000i\000r\000s}{}% 25
\BOOKMARK [0][-]{chapter.5}{\376\377\000L\000o\000a\000d\000i\000n\000g\000\040\000a\000n\000d\000\040\000S\000a\000v\000i\000n\000g\000\040\000Y\000o\000u\000r\000\040\000D\000a\000t\000a}{}% 26
\BOOKMARK [0][-]{chapter.6}{\376\377\000A\000d\000v\000a\000n\000c\000e\000d\000\040\000S\000p\000a\000r\000k\000\040\000P\000r\000o\000g\000r\000a\000m\000m\000i\000n\000g}{}% 27
\BOOKMARK [0][-]{chapter.7}{\376\377\000R\000u\000n\000n\000i\000n\000g\000\040\000o\000n\000\040\000a\000\040\000C\000l\000u\000s\000t\000e\000r}{}% 28
\BOOKMARK [0][-]{chapter.8}{\376\377\000T\000u\000n\000i\000n\000g\000\040\000a\000n\000d\000\040\000D\000e\000b\000u\000g\000g\000i\000n\000g\000\040\000S\000p\000a\000r\000k}{}% 29
\BOOKMARK [0][-]{chapter.9}{\376\377\000S\000p\000a\000r\000k\000\040\000S\000Q\000L}{}% 30
\BOOKMARK [0][-]{chapter.10}{\376\377\000S\000p\000a\000r\000k\000\040\000S\000t\000r\000e\000a\000m\000i\000n\000g}{}% 31
\BOOKMARK [0][-]{chapter.11}{\376\377\000M\000a\000c\000h\000i\000n\000g\000\040\000L\000e\000a\000r\000n\000i\000n\000g\000\040\000w\000i\000t\000h\000\040\000M\000L\000l\000i\000b}{}% 32
